[debug] [2025-10-20T23:05:27.404Z] ----------------------------------------------------------------------
[debug] [2025-10-20T23:05:27.408Z] Command:       C:\Program Files\nodejs\node.exe C:\Users\chass\AppData\Roaming\npm\node_modules\firebase-tools\lib\bin\firebase.js deploy --project expense-tracker-prod-df355
[debug] [2025-10-20T23:05:27.409Z] CLI Version:   14.20.0
[debug] [2025-10-20T23:05:27.409Z] Platform:      win32
[debug] [2025-10-20T23:05:27.409Z] Node Version:  v22.19.0
[debug] [2025-10-20T23:05:27.410Z] Time:          Mon Oct 20 2025 18:05:27 GMT-0500 (Central Daylight Time)
[debug] [2025-10-20T23:05:27.410Z] ----------------------------------------------------------------------
[debug] 
[debug] [2025-10-20T23:05:27.688Z] > command requires scopes: ["email","openid","https://www.googleapis.com/auth/cloudplatformprojects.readonly","https://www.googleapis.com/auth/firebase","https://www.googleapis.com/auth/cloud-platform"]
[debug] [2025-10-20T23:05:27.689Z] > authorizing via signed-in user (chasseze@gmail.com)
[debug] [2025-10-20T23:05:27.689Z] [iam] checking project expense-tracker-prod-df355 for permissions ["cloudfunctions.functions.create","cloudfunctions.functions.delete","cloudfunctions.functions.get","cloudfunctions.functions.list","cloudfunctions.functions.update","cloudfunctions.operations.get","firebase.projects.get","firebasehosting.sites.update"]
[debug] [2025-10-20T23:05:27.690Z] Checked if tokens are valid: true, expires at: 1761005043668
[debug] [2025-10-20T23:05:27.691Z] Checked if tokens are valid: true, expires at: 1761005043668
[debug] [2025-10-20T23:05:27.692Z] >>> [apiv2][query] POST https://cloudresourcemanager.googleapis.com/v1/projects/expense-tracker-prod-df355:testIamPermissions [none]
[debug] [2025-10-20T23:05:27.692Z] >>> [apiv2][(partial)header] POST https://cloudresourcemanager.googleapis.com/v1/projects/expense-tracker-prod-df355:testIamPermissions x-goog-quota-user=projects/expense-tracker-prod-df355
[debug] [2025-10-20T23:05:27.693Z] >>> [apiv2][body] POST https://cloudresourcemanager.googleapis.com/v1/projects/expense-tracker-prod-df355:testIamPermissions {"permissions":["cloudfunctions.functions.create","cloudfunctions.functions.delete","cloudfunctions.functions.get","cloudfunctions.functions.list","cloudfunctions.functions.update","cloudfunctions.operations.get","firebase.projects.get","firebasehosting.sites.update"]}
[debug] [2025-10-20T23:05:28.114Z] <<< [apiv2][status] POST https://cloudresourcemanager.googleapis.com/v1/projects/expense-tracker-prod-df355:testIamPermissions 200
[debug] [2025-10-20T23:05:28.114Z] <<< [apiv2][body] POST https://cloudresourcemanager.googleapis.com/v1/projects/expense-tracker-prod-df355:testIamPermissions {"permissions":["cloudfunctions.functions.create","cloudfunctions.functions.delete","cloudfunctions.functions.get","cloudfunctions.functions.list","cloudfunctions.functions.update","cloudfunctions.operations.get","firebase.projects.get","firebasehosting.sites.update"]}
[debug] [2025-10-20T23:05:28.115Z] Checked if tokens are valid: true, expires at: 1761005043668
[debug] [2025-10-20T23:05:28.115Z] Checked if tokens are valid: true, expires at: 1761005043668
[debug] [2025-10-20T23:05:28.115Z] >>> [apiv2][query] POST https://iam.googleapis.com/v1/projects/expense-tracker-prod-df355/serviceAccounts/expense-tracker-prod-df355@appspot.gserviceaccount.com:testIamPermissions [none]
[debug] [2025-10-20T23:05:28.115Z] >>> [apiv2][body] POST https://iam.googleapis.com/v1/projects/expense-tracker-prod-df355/serviceAccounts/expense-tracker-prod-df355@appspot.gserviceaccount.com:testIamPermissions {"permissions":["iam.serviceAccounts.actAs"]}
[debug] [2025-10-20T23:05:28.440Z] <<< [apiv2][status] POST https://iam.googleapis.com/v1/projects/expense-tracker-prod-df355/serviceAccounts/expense-tracker-prod-df355@appspot.gserviceaccount.com:testIamPermissions 200
[debug] [2025-10-20T23:05:28.440Z] <<< [apiv2][body] POST https://iam.googleapis.com/v1/projects/expense-tracker-prod-df355/serviceAccounts/expense-tracker-prod-df355@appspot.gserviceaccount.com:testIamPermissions {"permissions":["iam.serviceAccounts.actAs"]}
[debug] [2025-10-20T23:05:28.441Z] Checked if tokens are valid: true, expires at: 1761005043668
[debug] [2025-10-20T23:05:28.441Z] Checked if tokens are valid: true, expires at: 1761005043668
[debug] [2025-10-20T23:05:28.442Z] >>> [apiv2][query] GET https://firebase.googleapis.com/v1beta1/projects/expense-tracker-prod-df355 [none]
[debug] [2025-10-20T23:05:28.830Z] <<< [apiv2][status] GET https://firebase.googleapis.com/v1beta1/projects/expense-tracker-prod-df355 200
[debug] [2025-10-20T23:05:28.830Z] <<< [apiv2][body] GET https://firebase.googleapis.com/v1beta1/projects/expense-tracker-prod-df355 {"projectId":"expense-tracker-prod-df355","projectNumber":"48604707495","displayName":"expense-tracker-prod","name":"projects/expense-tracker-prod-df355","resources":{"hostingSite":"expense-tracker-prod-df355"},"state":"ACTIVE","etag":"1_99f91ddd-6c33-4495-a714-e629b3c4429b"}
[info] 
[info] === Deploying to 'expense-tracker-prod-df355'...
[info] 
[info] i  deploying functions, hosting 
[debug] [2025-10-20T23:05:28.836Z] Checked if tokens are valid: true, expires at: 1761005043668
[debug] [2025-10-20T23:05:28.836Z] Checked if tokens are valid: true, expires at: 1761005043668
[debug] [2025-10-20T23:05:28.836Z] >>> [apiv2][query] GET https://cloudresourcemanager.googleapis.com/v1/projects/expense-tracker-prod-df355 [none]
[debug] [2025-10-20T23:05:28.979Z] <<< [apiv2][status] GET https://cloudresourcemanager.googleapis.com/v1/projects/expense-tracker-prod-df355 200
[debug] [2025-10-20T23:05:28.979Z] <<< [apiv2][body] GET https://cloudresourcemanager.googleapis.com/v1/projects/expense-tracker-prod-df355 {"projectNumber":"48604707495","projectId":"expense-tracker-prod-df355","lifecycleState":"ACTIVE","name":"expense-tracker-prod","labels":{"firebase":"enabled","firebase-core":"disabled"},"createTime":"2025-10-20T05:45:49.031917Z"}
[info] i  functions: preparing codebase default for deployment 
[info] i  functions: ensuring required API cloudfunctions.googleapis.com is enabled... 
[info] i  functions: ensuring required API cloudbuild.googleapis.com is enabled... 
[info] i  artifactregistry: ensuring required API artifactregistry.googleapis.com is enabled... 
[debug] [2025-10-20T23:05:28.983Z] Checked if tokens are valid: true, expires at: 1761005043668
[debug] [2025-10-20T23:05:28.983Z] Checked if tokens are valid: true, expires at: 1761005043668
[debug] [2025-10-20T23:05:28.984Z] >>> [apiv2][query] GET https://firebase.googleapis.com/v1beta1/projects/expense-tracker-prod-df355/adminSdkConfig [none]
[debug] [2025-10-20T23:05:29.259Z] <<< [apiv2][status] GET https://firebase.googleapis.com/v1beta1/projects/expense-tracker-prod-df355/adminSdkConfig 200
[debug] [2025-10-20T23:05:29.259Z] <<< [apiv2][body] GET https://firebase.googleapis.com/v1beta1/projects/expense-tracker-prod-df355/adminSdkConfig {"projectId":"expense-tracker-prod-df355","storageBucket":"expense-tracker-prod-df355.firebasestorage.app"}
[debug] [2025-10-20T23:05:29.260Z] Checked if tokens are valid: true, expires at: 1761005043668
[debug] [2025-10-20T23:05:29.260Z] Checked if tokens are valid: true, expires at: 1761005043668
[debug] [2025-10-20T23:05:29.260Z] >>> [apiv2][query] GET https://runtimeconfig.googleapis.com/v1beta1/projects/expense-tracker-prod-df355/configs [none]
[debug] [2025-10-20T23:05:29.639Z] <<< [apiv2][status] GET https://runtimeconfig.googleapis.com/v1beta1/projects/expense-tracker-prod-df355/configs 200
[debug] [2025-10-20T23:05:29.639Z] <<< [apiv2][body] GET https://runtimeconfig.googleapis.com/v1beta1/projects/expense-tracker-prod-df355/configs {}
[debug] [2025-10-20T23:05:29.642Z] Validating nodejs source
[warn] !  functions: package.json indicates an outdated version of firebase-functions. Please upgrade using npm install --save firebase-functions@latest in your functions directory. 
[debug] [2025-10-20T23:05:31.289Z] > [functions] package.json contents: {
  "name": "functions",
  "description": "Cloud Functions for Firebase",
  "scripts": {
    "lint": "eslint .",
    "serve": "firebase emulators:start --only functions",
    "shell": "firebase functions:shell",
    "start": "npm run shell",
    "deploy": "firebase deploy --only functions",
    "logs": "firebase functions:log"
  },
  "engines": {
    "node": "22"
  },
  "main": "index.js",
  "dependencies": {
    "express": "^4.18.2",
    "cors": "^2.8.5",
    "firebase-admin": "^12.6.0",
    "firebase-functions": "^6.0.1"
  },
  "devDependencies": {
    "eslint": "^8.15.0",
    "eslint-config-google": "^0.14.0",
    "firebase-functions-test": "^3.1.0"
  },
  "private": true
}
[debug] [2025-10-20T23:05:31.290Z] Building nodejs source
[info] i  functions: Loading and analyzing source code for codebase default to determine what to deploy 
[debug] [2025-10-20T23:05:31.292Z] Could not find functions.yaml. Must use http discovery
[debug] [2025-10-20T23:05:31.306Z] Found firebase-functions binary at 'C:\Users\chass\expense-tracker\functions\node_modules\.bin\firebase-functions'
[info] Serving at port 8915

[debug] [2025-10-20T23:05:32.108Z] Got response from /__/functions.yaml {"endpoints":{"api":{"availableMemoryMb":null,"timeoutSeconds":null,"minInstances":null,"maxInstances":null,"ingressSettings":null,"concurrency":null,"serviceAccountEmail":null,"vpc":null,"platform":"gcfv2","labels":{},"httpsTrigger":{},"entryPoint":"api"}},"specVersion":"v1alpha1","requiredAPIs":[],"extensions":{}}
[info] i  extensions: ensuring required API firebaseextensions.googleapis.com is enabled... 
[debug] [2025-10-20T23:05:36.165Z] > command requires scopes: ["email","openid","https://www.googleapis.com/auth/cloudplatformprojects.readonly","https://www.googleapis.com/auth/firebase","https://www.googleapis.com/auth/cloud-platform"]
[debug] [2025-10-20T23:05:36.165Z] > authorizing via signed-in user (chasseze@gmail.com)
[debug] [2025-10-20T23:05:36.165Z] [iam] checking project expense-tracker-prod-df355 for permissions ["firebase.projects.get","firebaseextensions.instances.list"]
[debug] [2025-10-20T23:05:36.165Z] Checked if tokens are valid: true, expires at: 1761005043668
[debug] [2025-10-20T23:05:36.165Z] Checked if tokens are valid: true, expires at: 1761005043668
[debug] [2025-10-20T23:05:36.165Z] >>> [apiv2][query] POST https://cloudresourcemanager.googleapis.com/v1/projects/expense-tracker-prod-df355:testIamPermissions [none]
[debug] [2025-10-20T23:05:36.165Z] >>> [apiv2][(partial)header] POST https://cloudresourcemanager.googleapis.com/v1/projects/expense-tracker-prod-df355:testIamPermissions x-goog-quota-user=projects/expense-tracker-prod-df355
[debug] [2025-10-20T23:05:36.165Z] >>> [apiv2][body] POST https://cloudresourcemanager.googleapis.com/v1/projects/expense-tracker-prod-df355:testIamPermissions {"permissions":["firebase.projects.get","firebaseextensions.instances.list"]}
[debug] [2025-10-20T23:05:36.595Z] <<< [apiv2][status] POST https://cloudresourcemanager.googleapis.com/v1/projects/expense-tracker-prod-df355:testIamPermissions 200
[debug] [2025-10-20T23:05:36.596Z] <<< [apiv2][body] POST https://cloudresourcemanager.googleapis.com/v1/projects/expense-tracker-prod-df355:testIamPermissions {"permissions":["firebase.projects.get","firebaseextensions.instances.list"]}
[debug] [2025-10-20T23:05:36.596Z] Checked if tokens are valid: true, expires at: 1761005043668
[debug] [2025-10-20T23:05:36.596Z] Checked if tokens are valid: true, expires at: 1761005043668
[debug] [2025-10-20T23:05:36.597Z] >>> [apiv2][query] GET https://firebaseextensions.googleapis.com/v1beta/projects/expense-tracker-prod-df355/instances pageSize=100&pageToken=
[debug] [2025-10-20T23:05:37.117Z] <<< [apiv2][status] GET https://firebaseextensions.googleapis.com/v1beta/projects/expense-tracker-prod-df355/instances 200
[debug] [2025-10-20T23:05:37.117Z] <<< [apiv2][body] GET https://firebaseextensions.googleapis.com/v1beta/projects/expense-tracker-prod-df355/instances {}
[info] i  functions: preparing functions directory for uploading... 
[info] i  functions: packaged C:\Users\chass\expense-tracker\functions (79.28 KB) for uploading 
[debug] [2025-10-20T23:05:37.193Z] Checked if tokens are valid: true, expires at: 1761005043668
[debug] [2025-10-20T23:05:37.194Z] Checked if tokens are valid: true, expires at: 1761005043668
[debug] [2025-10-20T23:05:37.194Z] >>> [apiv2][query] GET https://cloudfunctions.googleapis.com/v1/projects/expense-tracker-prod-df355/locations/-/functions [none]
[debug] [2025-10-20T23:05:37.965Z] <<< [apiv2][status] GET https://cloudfunctions.googleapis.com/v1/projects/expense-tracker-prod-df355/locations/-/functions 200
[debug] [2025-10-20T23:05:37.965Z] <<< [apiv2][body] GET https://cloudfunctions.googleapis.com/v1/projects/expense-tracker-prod-df355/locations/-/functions {}
[debug] [2025-10-20T23:05:37.966Z] Checked if tokens are valid: true, expires at: 1761005043668
[debug] [2025-10-20T23:05:37.966Z] Checked if tokens are valid: true, expires at: 1761005043668
[debug] [2025-10-20T23:05:37.967Z] >>> [apiv2][query] GET https://cloudfunctions.googleapis.com/v2/projects/expense-tracker-prod-df355/locations/-/functions filter=environment%3D%22GEN_2%22
[debug] [2025-10-20T23:05:38.381Z] <<< [apiv2][status] GET https://cloudfunctions.googleapis.com/v2/projects/expense-tracker-prod-df355/locations/-/functions 200
[debug] [2025-10-20T23:05:38.381Z] <<< [apiv2][body] GET https://cloudfunctions.googleapis.com/v2/projects/expense-tracker-prod-df355/locations/-/functions {"functions":[{"name":"projects/expense-tracker-prod-df355/locations/us-central1/functions/api","buildConfig":{"build":"projects/48604707495/locations/us-central1/builds/fae9d770-209a-4755-ad76-66ac24bd73d9","runtime":"nodejs22","entryPoint":"api","source":{"storageSource":{"bucket":"gcf-v2-sources-48604707495-us-central1","object":"api/function-source.zip","generation":"1760998918772827"}},"environmentVariables":{"GOOGLE_NODE_RUN_SCRIPTS":""},"dockerRepository":"projects/expense-tracker-prod-df355/locations/us-central1/repositories/gcf-artifacts","sourceProvenance":{"resolvedStorageSource":{"bucket":"gcf-v2-sources-48604707495-us-central1","object":"api/function-source.zip","generation":"1760998918772827"}},"dockerRegistry":"ARTIFACT_REGISTRY","serviceAccount":"projects/expense-tracker-prod-df355/serviceAccounts/48604707495-compute@developer.gserviceaccount.com","automaticUpdatePolicy":{}},"serviceConfig":{"service":"projects/expense-tracker-prod-df355/locations/us-central1/services/api","timeoutSeconds":60,"environmentVariables":{"FIREBASE_CONFIG":"{\"projectId\":\"expense-tracker-prod-df355\",\"storageBucket\":\"expense-tracker-prod-df355.firebasestorage.app\"}","GCLOUD_PROJECT":"expense-tracker-prod-df355","EVENTARC_CLOUD_EVENT_SOURCE":"projects/expense-tracker-prod-df355/locations/us-central1/services/api","FUNCTION_TARGET":"api","LOG_EXECUTION_ID":"true"},"maxInstanceCount":20,"ingressSettings":"ALLOW_ALL","uri":"https://api-kplrsplvwa-uc.a.run.app","serviceAccountEmail":"48604707495-compute@developer.gserviceaccount.com","availableMemory":"256Mi","allTrafficOnLatestRevision":true,"revision":"api-00001-suh","maxInstanceRequestConcurrency":80,"availableCpu":"1"},"state":"ACTIVE","updateTime":"2025-10-20T22:23:03.437726218Z","labels":{"firebase-functions-hash":"be625e02198d3c82e4ba3c35b0038f13f1101e4b","deployment-tool":"cli-firebase"},"environment":"GEN_2","url":"https://us-central1-expense-tracker-prod-df355.cloudfunctions.net/api","createTime":"2025-10-20T22:21:59.000094490Z","satisfiesPzi":true}]}
[info] i  functions: ensuring required API run.googleapis.com is enabled... 
[info] i  functions: ensuring required API eventarc.googleapis.com is enabled... 
[info] i  functions: ensuring required API pubsub.googleapis.com is enabled... 
[info] i  functions: ensuring required API storage.googleapis.com is enabled... 
[info] i  functions: generating the service identity for pubsub.googleapis.com... 
[debug] [2025-10-20T23:05:38.388Z] Checked if tokens are valid: true, expires at: 1761005043668
[debug] [2025-10-20T23:05:38.388Z] Checked if tokens are valid: true, expires at: 1761005043668
[info] i  functions: generating the service identity for eventarc.googleapis.com... 
[debug] [2025-10-20T23:05:38.388Z] Checked if tokens are valid: true, expires at: 1761005043668
[debug] [2025-10-20T23:05:38.388Z] Checked if tokens are valid: true, expires at: 1761005043668
[debug] [2025-10-20T23:05:38.388Z] >>> [apiv2][query] POST https://serviceusage.googleapis.com/v1beta1/projects/48604707495/services/pubsub.googleapis.com:generateServiceIdentity [none]
[debug] [2025-10-20T23:05:38.389Z] >>> [apiv2][(partial)header] POST https://serviceusage.googleapis.com/v1beta1/projects/48604707495/services/pubsub.googleapis.com:generateServiceIdentity x-goog-quota-user=projects/48604707495
[debug] [2025-10-20T23:05:38.389Z] >>> [apiv2][body] POST https://serviceusage.googleapis.com/v1beta1/projects/48604707495/services/pubsub.googleapis.com:generateServiceIdentity {}
[debug] [2025-10-20T23:05:38.390Z] >>> [apiv2][query] POST https://serviceusage.googleapis.com/v1beta1/projects/48604707495/services/eventarc.googleapis.com:generateServiceIdentity [none]
[debug] [2025-10-20T23:05:38.390Z] >>> [apiv2][(partial)header] POST https://serviceusage.googleapis.com/v1beta1/projects/48604707495/services/eventarc.googleapis.com:generateServiceIdentity x-goog-quota-user=projects/48604707495
[debug] [2025-10-20T23:05:38.391Z] >>> [apiv2][body] POST https://serviceusage.googleapis.com/v1beta1/projects/48604707495/services/eventarc.googleapis.com:generateServiceIdentity {}
[debug] [2025-10-20T23:05:39.070Z] <<< [apiv2][status] POST https://serviceusage.googleapis.com/v1beta1/projects/48604707495/services/pubsub.googleapis.com:generateServiceIdentity 200
[debug] [2025-10-20T23:05:39.070Z] <<< [apiv2][body] POST https://serviceusage.googleapis.com/v1beta1/projects/48604707495/services/pubsub.googleapis.com:generateServiceIdentity {"name":"operations/finished.DONE_OPERATION","done":true,"response":{"@type":"type.googleapis.com/google.api.serviceusage.v1beta1.ServiceIdentity","email":"service-48604707495@gcp-sa-pubsub.iam.gserviceaccount.com","uniqueId":"112489939940998749837"}}
[debug] [2025-10-20T23:05:39.106Z] <<< [apiv2][status] POST https://serviceusage.googleapis.com/v1beta1/projects/48604707495/services/eventarc.googleapis.com:generateServiceIdentity 200
[debug] [2025-10-20T23:05:39.106Z] <<< [apiv2][body] POST https://serviceusage.googleapis.com/v1beta1/projects/48604707495/services/eventarc.googleapis.com:generateServiceIdentity {"name":"operations/finished.DONE_OPERATION","done":true,"response":{"@type":"type.googleapis.com/google.api.serviceusage.v1beta1.ServiceIdentity","email":"service-48604707495@gcp-sa-eventarc.iam.gserviceaccount.com","uniqueId":"111941155883930848516"}}
[debug] [2025-10-20T23:05:39.110Z] Checked if tokens are valid: true, expires at: 1761005043668
[debug] [2025-10-20T23:05:39.110Z] Checked if tokens are valid: true, expires at: 1761005043668
[debug] [2025-10-20T23:05:39.111Z] >>> [apiv2][query] GET https://cloudresourcemanager.googleapis.com/v1/projects/expense-tracker-prod-df355 [none]
[debug] [2025-10-20T23:05:39.242Z] <<< [apiv2][status] GET https://cloudresourcemanager.googleapis.com/v1/projects/expense-tracker-prod-df355 200
[debug] [2025-10-20T23:05:39.242Z] <<< [apiv2][body] GET https://cloudresourcemanager.googleapis.com/v1/projects/expense-tracker-prod-df355 {"projectNumber":"48604707495","projectId":"expense-tracker-prod-df355","lifecycleState":"ACTIVE","name":"expense-tracker-prod","labels":{"firebase":"enabled","firebase-core":"disabled"},"createTime":"2025-10-20T05:45:49.031917Z"}
[debug] [2025-10-20T23:05:39.243Z] Checked if tokens are valid: true, expires at: 1761005043668
[debug] [2025-10-20T23:05:39.243Z] Checked if tokens are valid: true, expires at: 1761005043668
[debug] [2025-10-20T23:05:39.243Z] >>> [apiv2][query] GET https://compute.googleapis.com/compute/v1/projects/48604707495 [none]
[debug] [2025-10-20T23:05:39.632Z] <<< [apiv2][status] GET https://compute.googleapis.com/compute/v1/projects/48604707495 403
[debug] [2025-10-20T23:05:39.632Z] <<< [apiv2][body] GET https://compute.googleapis.com/compute/v1/projects/48604707495 {"error":{"code":403,"message":"Compute Engine API has not been used in project 48604707495 before or it is disabled. Enable it by visiting https://console.developers.google.com/apis/api/compute.googleapis.com/overview?project=48604707495 then retry. If you enabled this API recently, wait a few minutes for the action to propagate to our systems and retry.","errors":[{"message":"Compute Engine API has not been used in project 48604707495 before or it is disabled. Enable it by visiting https://console.developers.google.com/apis/api/compute.googleapis.com/overview?project=48604707495 then retry. If you enabled this API recently, wait a few minutes for the action to propagate to our systems and retry.","domain":"usageLimits","reason":"accessNotConfigured","extendedHelp":"https://console.developers.google.com"}],"status":"PERMISSION_DENIED","details":[{"@type":"type.googleapis.com/google.rpc.ErrorInfo","reason":"SERVICE_DISABLED","domain":"googleapis.com","metadata":{"consumer":"projects/48604707495","activationUrl":"https://console.developers.google.com/apis/api/compute.googleapis.com/overview?project=48604707495","serviceTitle":"Compute Engine API","service":"compute.googleapis.com","containerInfo":"48604707495"}},{"@type":"type.googleapis.com/google.rpc.LocalizedMessage","locale":"en-US","message":"Compute Engine API has not been used in project 48604707495 before or it is disabled. Enable it by visiting https://console.developers.google.com/apis/api/compute.googleapis.com/overview?project=48604707495 then retry. If you enabled this API recently, wait a few minutes for the action to propagate to our systems and retry."},{"@type":"type.googleapis.com/google.rpc.Help","links":[{"description":"Google developers console API activation","url":"https://console.developers.google.com/apis/api/compute.googleapis.com/overview?project=48604707495"}]}]}}
[debug] [2025-10-20T23:05:39.633Z] unable to look up default compute service account. Falling back to 48604707495-compute@developer.gserviceaccount.com. Error: {"name":"FirebaseError","children":[],"context":{"body":{"error":{"code":403,"message":"Compute Engine API has not been used in project 48604707495 before or it is disabled. Enable it by visiting https://console.developers.google.com/apis/api/compute.googleapis.com/overview?project=48604707495 then retry. If you enabled this API recently, wait a few minutes for the action to propagate to our systems and retry.","errors":[{"message":"Compute Engine API has not been used in project 48604707495 before or it is disabled. Enable it by visiting https://console.developers.google.com/apis/api/compute.googleapis.com/overview?project=48604707495 then retry. If you enabled this API recently, wait a few minutes for the action to propagate to our systems and retry.","domain":"usageLimits","reason":"accessNotConfigured","extendedHelp":"https://console.developers.google.com"}],"status":"PERMISSION_DENIED","details":[{"@type":"type.googleapis.com/google.rpc.ErrorInfo","reason":"SERVICE_DISABLED","domain":"googleapis.com","metadata":{"consumer":"projects/48604707495","activationUrl":"https://console.developers.google.com/apis/api/compute.googleapis.com/overview?project=48604707495","serviceTitle":"Compute Engine API","service":"compute.googleapis.com","containerInfo":"48604707495"}},{"@type":"type.googleapis.com/google.rpc.LocalizedMessage","locale":"en-US","message":"Compute Engine API has not been used in project 48604707495 before or it is disabled. Enable it by visiting https://console.developers.google.com/apis/api/compute.googleapis.com/overview?project=48604707495 then retry. If you enabled this API recently, wait a few minutes for the action to propagate to our systems and retry."},{"@type":"type.googleapis.com/google.rpc.Help","links":[{"description":"Google developers console API activation","url":"https://console.developers.google.com/apis/api/compute.googleapis.com/overview?project=48604707495"}]}]}},"response":{"statusCode":403}},"exit":1,"message":"Request to https://compute.googleapis.com/compute/v1/projects/48604707495 had HTTP Error: 403, Compute Engine API has not been used in project 48604707495 before or it is disabled. Enable it by visiting https://console.developers.google.com/apis/api/compute.googleapis.com/overview?project=48604707495 then retry. If you enabled this API recently, wait a few minutes for the action to propagate to our systems and retry.","status":403}
[debug] [2025-10-20T23:05:39.637Z] Checked if tokens are valid: true, expires at: 1761005043668
[debug] [2025-10-20T23:05:39.637Z] Checked if tokens are valid: true, expires at: 1761005043668
[debug] [2025-10-20T23:05:39.637Z] >>> [apiv2][query] POST https://firebasehosting.googleapis.com/v1beta1/projects/-/sites/expense-tracker-prod-df355/versions [none]
[debug] [2025-10-20T23:05:39.637Z] >>> [apiv2][body] POST https://firebasehosting.googleapis.com/v1beta1/projects/-/sites/expense-tracker-prod-df355/versions {"status":"CREATED","labels":{"deployment-tool":"cli-firebase"}}
[debug] [2025-10-20T23:05:40.441Z] <<< [apiv2][status] POST https://firebasehosting.googleapis.com/v1beta1/projects/-/sites/expense-tracker-prod-df355/versions 200
[debug] [2025-10-20T23:05:40.442Z] <<< [apiv2][body] POST https://firebasehosting.googleapis.com/v1beta1/projects/-/sites/expense-tracker-prod-df355/versions {"name":"projects/48604707495/sites/expense-tracker-prod-df355/versions/567519459f3aff98","status":"CREATED","config":{},"labels":{"deployment-tool":"cli-firebase"}}
[debug] [2025-10-20T23:05:40.443Z] Checked if tokens are valid: true, expires at: 1761005043668
[debug] [2025-10-20T23:05:40.443Z] Checked if tokens are valid: true, expires at: 1761005043668
[debug] [2025-10-20T23:05:40.443Z] >>> [apiv2][query] GET https://cloudbilling.googleapis.com/v1/projects/expense-tracker-prod-df355/billingInfo [none]
[debug] [2025-10-20T23:05:41.220Z] <<< [apiv2][status] GET https://cloudbilling.googleapis.com/v1/projects/expense-tracker-prod-df355/billingInfo 200
[debug] [2025-10-20T23:05:41.221Z] <<< [apiv2][body] GET https://cloudbilling.googleapis.com/v1/projects/expense-tracker-prod-df355/billingInfo {"name":"projects/expense-tracker-prod-df355/billingInfo","projectId":"expense-tracker-prod-df355","billingAccountName":"billingAccounts/015D66-9ADA65-A34244","billingEnabled":true}
[debug] [2025-10-20T23:05:41.223Z] Checked if tokens are valid: true, expires at: 1761005043668
[debug] [2025-10-20T23:05:41.223Z] Checked if tokens are valid: true, expires at: 1761005043668
[debug] [2025-10-20T23:05:41.223Z] >>> [apiv2][query] POST https://cloudfunctions.googleapis.com/v2/projects/expense-tracker-prod-df355/locations/us-central1/functions:generateUploadUrl [none]
[debug] [2025-10-20T23:05:41.478Z] <<< [apiv2][status] POST https://cloudfunctions.googleapis.com/v2/projects/expense-tracker-prod-df355/locations/us-central1/functions:generateUploadUrl 200
[debug] [2025-10-20T23:05:41.478Z] <<< [apiv2][body] POST https://cloudfunctions.googleapis.com/v2/projects/expense-tracker-prod-df355/locations/us-central1/functions:generateUploadUrl {"uploadUrl":"https://storage.googleapis.com/gcf-v2-uploads-48604707495.us-central1.cloudfunctions.appspot.com/b2fbd15f-efc7-4f59-8af2-b0d38b5c4c01.zip?GoogleAccessId=service-48604707495@gcf-admin-robot.iam.gserviceaccount.com&Expires=1761003341&Signature=H2fGAaOWJkveV216r39vKJ7fc6FoLYeNm1OPU25FMD9sURW3I2CPDw%2Bop0cxdj%2Fm5gixc6TnaOQU3AH8t%2BRRxxLe8ePA4d1yZP0ue1lVmjDiT84rEq5XJAWWBw5f%2F9c8wPDyU16bvqZSK9b9NcgrpmU0tKLlxLPOTmLhk5cRKtYLUNYgsQ7%2Baz12HZ%2Bm2IyeydlX%2FVpWJff3iVIeE0KplUSyxAnwUmP3euYUHqHjLQYSjLAU%2B1YgY7wnE0bsGUcDDTv6GHIZ%2BVJ4AwxYXN9K5VBg6CtQDjFEYsmcAf2JUUB%2BTJH15Hnh78BT8iht29qKcFEI9nd999YUfrVswzbp5w%3D%3D","storageSource":{"bucket":"gcf-v2-uploads-48604707495.us-central1.cloudfunctions.appspot.com","object":"b2fbd15f-efc7-4f59-8af2-b0d38b5c4c01.zip"}}
[debug] [2025-10-20T23:05:41.479Z] >>> [apiv2][query] PUT https://storage.googleapis.com/gcf-v2-uploads-48604707495.us-central1.cloudfunctions.appspot.com/b2fbd15f-efc7-4f59-8af2-b0d38b5c4c01.zip GoogleAccessId=service-48604707495%40gcf-admin-robot.iam.gserviceaccount.com&Expires=1761003341&Signature=H2fGAaOWJkveV216r39vKJ7fc6FoLYeNm1OPU25FMD9sURW3I2CPDw%2Bop0cxdj%2Fm5gixc6TnaOQU3AH8t%2BRRxxLe8ePA4d1yZP0ue1lVmjDiT84rEq5XJAWWBw5f%2F9c8wPDyU16bvqZSK9b9NcgrpmU0tKLlxLPOTmLhk5cRKtYLUNYgsQ7%2Baz12HZ%2Bm2IyeydlX%2FVpWJff3iVIeE0KplUSyxAnwUmP3euYUHqHjLQYSjLAU%2B1YgY7wnE0bsGUcDDTv6GHIZ%2BVJ4AwxYXN9K5VBg6CtQDjFEYsmcAf2JUUB%2BTJH15Hnh78BT8iht29qKcFEI9nd999YUfrVswzbp5w%3D%3D
[debug] [2025-10-20T23:05:41.479Z] >>> [apiv2][body] PUT https://storage.googleapis.com/gcf-v2-uploads-48604707495.us-central1.cloudfunctions.appspot.com/b2fbd15f-efc7-4f59-8af2-b0d38b5c4c01.zip [stream]
[debug] [2025-10-20T23:05:44.501Z] <<< [apiv2][status] PUT https://storage.googleapis.com/gcf-v2-uploads-48604707495.us-central1.cloudfunctions.appspot.com/b2fbd15f-efc7-4f59-8af2-b0d38b5c4c01.zip 200
[debug] [2025-10-20T23:05:44.502Z] <<< [apiv2][body] PUT https://storage.googleapis.com/gcf-v2-uploads-48604707495.us-central1.cloudfunctions.appspot.com/b2fbd15f-efc7-4f59-8af2-b0d38b5c4c01.zip [omitted]
[info] +  functions: functions source uploaded successfully 
[info] i  hosting[expense-tracker-prod-df355]: beginning deploy... 
[info] i  hosting[expense-tracker-prod-df355]: found 2 files in public 
[debug] [2025-10-20T23:05:44.537Z] [hosting] uploading with 200 concurrency
[debug] [2025-10-20T23:05:44.543Z] Checked if tokens are valid: true, expires at: 1761005043668
[debug] [2025-10-20T23:05:44.543Z] Checked if tokens are valid: true, expires at: 1761005043668
[debug] [2025-10-20T23:05:44.545Z] [hosting] hash cache [cHVibGlj] stored for 2 files
[debug] [2025-10-20T23:05:44.545Z] [hosting][hash queue][FINAL] {"max":1,"min":1,"avg":1,"active":0,"complete":2,"success":2,"errored":0,"retried":0,"total":2,"elapsed":4}
[debug] [2025-10-20T23:05:44.545Z] >>> [apiv2][query] POST https://firebasehosting.googleapis.com/v1beta1/projects/48604707495/sites/expense-tracker-prod-df355/versions/567519459f3aff98:populateFiles [none]
[debug] [2025-10-20T23:05:44.545Z] >>> [apiv2][body] POST https://firebasehosting.googleapis.com/v1beta1/projects/48604707495/sites/expense-tracker-prod-df355/versions/567519459f3aff98:populateFiles {"files":{"/index.html":"0cb644926a751b7759edf68323bdaa642090f1aa67849d61cb516f32034decdc","/firebase-config.js":"4af0bfa97903bbee5722774618fcecff731add9b01b1cac3d0703c006e2ebe4a"}}
[debug] [2025-10-20T23:05:44.756Z] <<< [apiv2][status] POST https://firebasehosting.googleapis.com/v1beta1/projects/48604707495/sites/expense-tracker-prod-df355/versions/567519459f3aff98:populateFiles 200
[debug] [2025-10-20T23:05:44.756Z] <<< [apiv2][body] POST https://firebasehosting.googleapis.com/v1beta1/projects/48604707495/sites/expense-tracker-prod-df355/versions/567519459f3aff98:populateFiles {"uploadUrl":"https://upload-firebasehosting.googleapis.com/upload/sites/expense-tracker-prod-df355/versions/567519459f3aff98/files"}
[debug] [2025-10-20T23:05:44.757Z] [hosting][populate queue][FINAL] {"max":214,"min":214,"avg":214,"active":0,"complete":1,"success":1,"errored":0,"retried":0,"total":1,"elapsed":214}
[debug] [2025-10-20T23:05:44.757Z] [hosting] uploads queued: 0
[debug] [2025-10-20T23:05:44.757Z] [hosting][upload queue][FINAL] {"max":0,"min":9999999999,"avg":0,"active":0,"complete":0,"success":0,"errored":0,"retried":0,"total":0,"elapsed":1761001544757}
[info] +  hosting[expense-tracker-prod-df355]: file upload complete 
[debug] [2025-10-20T23:05:44.759Z] [hosting] deploy completed after 253ms
[info] i  functions: updating Node.js 22 (2nd Gen) function api(us-central1)... 
[debug] [2025-10-20T23:05:44.765Z] Checked if tokens are valid: true, expires at: 1761005043668
[debug] [2025-10-20T23:05:44.765Z] Checked if tokens are valid: true, expires at: 1761005043668
[debug] [2025-10-20T23:05:44.765Z] >>> [apiv2][query] PATCH https://cloudfunctions.googleapis.com/v2/projects/expense-tracker-prod-df355/locations/us-central1/functions/api updateMask=name%2CbuildConfig.runtime%2CbuildConfig.entryPoint%2CbuildConfig.source.storageSource.bucket%2CbuildConfig.source.storageSource.object%2CbuildConfig.environmentVariables%2CbuildConfig.sourceToken%2CserviceConfig.environmentVariables%2CserviceConfig.ingressSettings%2CserviceConfig.timeoutSeconds%2CserviceConfig.serviceAccountEmail%2CserviceConfig.availableMemory%2CserviceConfig.minInstanceCount%2CserviceConfig.maxInstanceCount%2CserviceConfig.maxInstanceRequestConcurrency%2CserviceConfig.availableCpu%2CserviceConfig.vpcConnector%2CserviceConfig.vpcConnectorEgressSettings%2Clabels
[debug] [2025-10-20T23:05:44.765Z] >>> [apiv2][body] PATCH https://cloudfunctions.googleapis.com/v2/projects/expense-tracker-prod-df355/locations/us-central1/functions/api {"name":"projects/expense-tracker-prod-df355/locations/us-central1/functions/api","buildConfig":{"runtime":"nodejs22","entryPoint":"api","source":{"storageSource":{"bucket":"gcf-v2-uploads-48604707495.us-central1.cloudfunctions.appspot.com","object":"b2fbd15f-efc7-4f59-8af2-b0d38b5c4c01.zip"}},"environmentVariables":{"GOOGLE_NODE_RUN_SCRIPTS":""}},"serviceConfig":{"environmentVariables":{"FIREBASE_CONFIG":"{\"projectId\":\"expense-tracker-prod-df355\",\"storageBucket\":\"expense-tracker-prod-df355.firebasestorage.app\"}","GCLOUD_PROJECT":"expense-tracker-prod-df355","EVENTARC_CLOUD_EVENT_SOURCE":"projects/expense-tracker-prod-df355/locations/us-central1/services/api","FUNCTION_TARGET":"api","LOG_EXECUTION_ID":"true"},"ingressSettings":null,"timeoutSeconds":null,"serviceAccountEmail":null,"availableMemory":"256Mi","minInstanceCount":null,"maxInstanceCount":null,"maxInstanceRequestConcurrency":80,"availableCpu":"1","vpcConnector":null,"vpcConnectorEgressSettings":null},"labels":{"deployment-tool":"cli-firebase","firebase-functions-hash":"8c60b1aea21dfb0f229b06f3f9aae9df79308bda"}}
[debug] [2025-10-20T23:05:46.098Z] <<< [apiv2][status] PATCH https://cloudfunctions.googleapis.com/v2/projects/expense-tracker-prod-df355/locations/us-central1/functions/api 200
[debug] [2025-10-20T23:05:46.098Z] <<< [apiv2][body] PATCH https://cloudfunctions.googleapis.com/v2/projects/expense-tracker-prod-df355/locations/us-central1/functions/api {"name":"projects/expense-tracker-prod-df355/locations/us-central1/operations/operation-1761001545549-6419f1f9247aa-3a0769aa-37d1ab15","metadata":{"@type":"type.googleapis.com/google.cloud.functions.v2.OperationMetadata","createTime":"2025-10-20T23:05:46.441802225Z","target":"projects/expense-tracker-prod-df355/locations/us-central1/functions/api","verb":"update","cancelRequested":false,"apiVersion":"v2"},"done":false}
[debug] [2025-10-20T23:05:46.099Z] Checked if tokens are valid: true, expires at: 1761005043668
[debug] [2025-10-20T23:05:46.099Z] Checked if tokens are valid: true, expires at: 1761005043668
[debug] [2025-10-20T23:05:46.100Z] >>> [apiv2][query] GET https://cloudfunctions.googleapis.com/v2/projects/expense-tracker-prod-df355/locations/us-central1/operations/operation-1761001545549-6419f1f9247aa-3a0769aa-37d1ab15 [none]
[debug] [2025-10-20T23:05:47.042Z] <<< [apiv2][status] GET https://cloudfunctions.googleapis.com/v2/projects/expense-tracker-prod-df355/locations/us-central1/operations/operation-1761001545549-6419f1f9247aa-3a0769aa-37d1ab15 200
[debug] [2025-10-20T23:05:47.043Z] <<< [apiv2][body] GET https://cloudfunctions.googleapis.com/v2/projects/expense-tracker-prod-df355/locations/us-central1/operations/operation-1761001545549-6419f1f9247aa-3a0769aa-37d1ab15 {"name":"projects/expense-tracker-prod-df355/locations/us-central1/operations/operation-1761001545549-6419f1f9247aa-3a0769aa-37d1ab15","metadata":{"@type":"type.googleapis.com/google.cloud.functions.v2.OperationMetadata","createTime":"2025-10-20T23:05:46.441802225Z","target":"projects/expense-tracker-prod-df355/locations/us-central1/functions/api","verb":"update","cancelRequested":false,"apiVersion":"v2","requestResource":{"@type":"type.googleapis.com/google.cloud.functions.v2.Function","name":"projects/expense-tracker-prod-df355/locations/us-central1/functions/api","buildConfig":{"runtime":"nodejs22","entryPoint":"api","source":{"storageSource":{"bucket":"gcf-v2-sources-48604707495-us-central1","object":"api/function-source.zip","generation":"1761001546390004"}},"environmentVariables":{"GOOGLE_NODE_RUN_SCRIPTS":""},"dockerRepository":"projects/expense-tracker-prod-df355/locations/us-central1/repositories/gcf-artifacts","sourceProvenance":{"resolvedStorageSource":{"bucket":"gcf-v2-sources-48604707495-us-central1","object":"api/function-source.zip","generation":"1760998918772827"}},"dockerRegistry":"ARTIFACT_REGISTRY","serviceAccount":"projects/expense-tracker-prod-df355/serviceAccounts/48604707495-compute@developer.gserviceaccount.com","automaticUpdatePolicy":{}},"serviceConfig":{"service":"projects/expense-tracker-prod-df355/locations/us-central1/services/api","timeoutSeconds":60,"environmentVariables":{"FIREBASE_CONFIG":"{\"projectId\":\"expense-tracker-prod-df355\",\"storageBucket\":\"expense-tracker-prod-df355.firebasestorage.app\"}","GCLOUD_PROJECT":"expense-tracker-prod-df355","EVENTARC_CLOUD_EVENT_SOURCE":"projects/expense-tracker-prod-df355/locations/us-central1/services/api","FUNCTION_TARGET":"api","LOG_EXECUTION_ID":"true"},"ingressSettings":"ALLOW_ALL","uri":"https://api-kplrsplvwa-uc.a.run.app","serviceAccountEmail":"48604707495-compute@developer.gserviceaccount.com","availableMemory":"256Mi","allTrafficOnLatestRevision":true,"revision":"api-00001-suh","maxInstanceRequestConcurrency":80,"availableCpu":"1"},"state":"ACTIVE","labels":{"deployment-tool":"cli-firebase","firebase-functions-hash":"8c60b1aea21dfb0f229b06f3f9aae9df79308bda"},"environment":"GEN_2","url":"https://us-central1-expense-tracker-prod-df355.cloudfunctions.net/api","satisfiesPzi":true},"stages":[{"name":"BUILD","message":"Build in progress","state":"IN_PROGRESS","resource":"projects/48604707495/locations/us-central1/builds/2858a6f9-4767-493c-b4e4-582f568d2f65","resourceUri":"https://console.cloud.google.com/cloud-build/builds;region=us-central1/2858a6f9-4767-493c-b4e4-582f568d2f65?project=48604707495"},{"name":"SERVICE","state":"NOT_STARTED"}],"operationType":"UPDATE_FUNCTION","buildName":"projects/48604707495/locations/us-central1/builds/2858a6f9-4767-493c-b4e4-582f568d2f65"},"done":false}
[debug] [2025-10-20T23:05:47.547Z] [update-default-us-central1-api] Retrying task index 0
[debug] [2025-10-20T23:05:47.548Z] Checked if tokens are valid: true, expires at: 1761005043668
[debug] [2025-10-20T23:05:47.548Z] Checked if tokens are valid: true, expires at: 1761005043668
[debug] [2025-10-20T23:05:47.548Z] >>> [apiv2][query] GET https://cloudfunctions.googleapis.com/v2/projects/expense-tracker-prod-df355/locations/us-central1/operations/operation-1761001545549-6419f1f9247aa-3a0769aa-37d1ab15 [none]
[debug] [2025-10-20T23:05:48.422Z] <<< [apiv2][status] GET https://cloudfunctions.googleapis.com/v2/projects/expense-tracker-prod-df355/locations/us-central1/operations/operation-1761001545549-6419f1f9247aa-3a0769aa-37d1ab15 200
[debug] [2025-10-20T23:05:48.422Z] <<< [apiv2][body] GET https://cloudfunctions.googleapis.com/v2/projects/expense-tracker-prod-df355/locations/us-central1/operations/operation-1761001545549-6419f1f9247aa-3a0769aa-37d1ab15 {"name":"projects/expense-tracker-prod-df355/locations/us-central1/operations/operation-1761001545549-6419f1f9247aa-3a0769aa-37d1ab15","metadata":{"@type":"type.googleapis.com/google.cloud.functions.v2.OperationMetadata","createTime":"2025-10-20T23:05:46.441802225Z","target":"projects/expense-tracker-prod-df355/locations/us-central1/functions/api","verb":"update","cancelRequested":false,"apiVersion":"v2","requestResource":{"@type":"type.googleapis.com/google.cloud.functions.v2.Function","name":"projects/expense-tracker-prod-df355/locations/us-central1/functions/api","buildConfig":{"runtime":"nodejs22","entryPoint":"api","source":{"storageSource":{"bucket":"gcf-v2-sources-48604707495-us-central1","object":"api/function-source.zip","generation":"1761001546390004"}},"environmentVariables":{"GOOGLE_NODE_RUN_SCRIPTS":""},"dockerRepository":"projects/expense-tracker-prod-df355/locations/us-central1/repositories/gcf-artifacts","sourceProvenance":{"resolvedStorageSource":{"bucket":"gcf-v2-sources-48604707495-us-central1","object":"api/function-source.zip","generation":"1760998918772827"}},"dockerRegistry":"ARTIFACT_REGISTRY","serviceAccount":"projects/expense-tracker-prod-df355/serviceAccounts/48604707495-compute@developer.gserviceaccount.com","automaticUpdatePolicy":{}},"serviceConfig":{"service":"projects/expense-tracker-prod-df355/locations/us-central1/services/api","timeoutSeconds":60,"environmentVariables":{"FIREBASE_CONFIG":"{\"projectId\":\"expense-tracker-prod-df355\",\"storageBucket\":\"expense-tracker-prod-df355.firebasestorage.app\"}","GCLOUD_PROJECT":"expense-tracker-prod-df355","EVENTARC_CLOUD_EVENT_SOURCE":"projects/expense-tracker-prod-df355/locations/us-central1/services/api","FUNCTION_TARGET":"api","LOG_EXECUTION_ID":"true"},"ingressSettings":"ALLOW_ALL","uri":"https://api-kplrsplvwa-uc.a.run.app","serviceAccountEmail":"48604707495-compute@developer.gserviceaccount.com","availableMemory":"256Mi","allTrafficOnLatestRevision":true,"revision":"api-00001-suh","maxInstanceRequestConcurrency":80,"availableCpu":"1"},"state":"ACTIVE","labels":{"deployment-tool":"cli-firebase","firebase-functions-hash":"8c60b1aea21dfb0f229b06f3f9aae9df79308bda"},"environment":"GEN_2","url":"https://us-central1-expense-tracker-prod-df355.cloudfunctions.net/api","satisfiesPzi":true},"stages":[{"name":"BUILD","message":"Build in progress","state":"IN_PROGRESS","resource":"projects/48604707495/locations/us-central1/builds/2858a6f9-4767-493c-b4e4-582f568d2f65","resourceUri":"https://console.cloud.google.com/cloud-build/builds;region=us-central1/2858a6f9-4767-493c-b4e4-582f568d2f65?project=48604707495"},{"name":"SERVICE","state":"NOT_STARTED"}],"operationType":"UPDATE_FUNCTION","buildName":"projects/48604707495/locations/us-central1/builds/2858a6f9-4767-493c-b4e4-582f568d2f65"},"done":false}
[debug] [2025-10-20T23:05:49.435Z] [update-default-us-central1-api] Retrying task index 0
[debug] [2025-10-20T23:05:49.435Z] Checked if tokens are valid: true, expires at: 1761005043668
[debug] [2025-10-20T23:05:49.436Z] Checked if tokens are valid: true, expires at: 1761005043668
[debug] [2025-10-20T23:05:49.436Z] >>> [apiv2][query] GET https://cloudfunctions.googleapis.com/v2/projects/expense-tracker-prod-df355/locations/us-central1/operations/operation-1761001545549-6419f1f9247aa-3a0769aa-37d1ab15 [none]
[debug] [2025-10-20T23:05:50.263Z] <<< [apiv2][status] GET https://cloudfunctions.googleapis.com/v2/projects/expense-tracker-prod-df355/locations/us-central1/operations/operation-1761001545549-6419f1f9247aa-3a0769aa-37d1ab15 200
[debug] [2025-10-20T23:05:50.263Z] <<< [apiv2][body] GET https://cloudfunctions.googleapis.com/v2/projects/expense-tracker-prod-df355/locations/us-central1/operations/operation-1761001545549-6419f1f9247aa-3a0769aa-37d1ab15 {"name":"projects/expense-tracker-prod-df355/locations/us-central1/operations/operation-1761001545549-6419f1f9247aa-3a0769aa-37d1ab15","metadata":{"@type":"type.googleapis.com/google.cloud.functions.v2.OperationMetadata","createTime":"2025-10-20T23:05:46.441802225Z","target":"projects/expense-tracker-prod-df355/locations/us-central1/functions/api","verb":"update","cancelRequested":false,"apiVersion":"v2","requestResource":{"@type":"type.googleapis.com/google.cloud.functions.v2.Function","name":"projects/expense-tracker-prod-df355/locations/us-central1/functions/api","buildConfig":{"runtime":"nodejs22","entryPoint":"api","source":{"storageSource":{"bucket":"gcf-v2-sources-48604707495-us-central1","object":"api/function-source.zip","generation":"1761001546390004"}},"environmentVariables":{"GOOGLE_NODE_RUN_SCRIPTS":""},"dockerRepository":"projects/expense-tracker-prod-df355/locations/us-central1/repositories/gcf-artifacts","sourceProvenance":{"resolvedStorageSource":{"bucket":"gcf-v2-sources-48604707495-us-central1","object":"api/function-source.zip","generation":"1760998918772827"}},"dockerRegistry":"ARTIFACT_REGISTRY","serviceAccount":"projects/expense-tracker-prod-df355/serviceAccounts/48604707495-compute@developer.gserviceaccount.com","automaticUpdatePolicy":{}},"serviceConfig":{"service":"projects/expense-tracker-prod-df355/locations/us-central1/services/api","timeoutSeconds":60,"environmentVariables":{"FIREBASE_CONFIG":"{\"projectId\":\"expense-tracker-prod-df355\",\"storageBucket\":\"expense-tracker-prod-df355.firebasestorage.app\"}","GCLOUD_PROJECT":"expense-tracker-prod-df355","EVENTARC_CLOUD_EVENT_SOURCE":"projects/expense-tracker-prod-df355/locations/us-central1/services/api","FUNCTION_TARGET":"api","LOG_EXECUTION_ID":"true"},"ingressSettings":"ALLOW_ALL","uri":"https://api-kplrsplvwa-uc.a.run.app","serviceAccountEmail":"48604707495-compute@developer.gserviceaccount.com","availableMemory":"256Mi","allTrafficOnLatestRevision":true,"revision":"api-00001-suh","maxInstanceRequestConcurrency":80,"availableCpu":"1"},"state":"ACTIVE","labels":{"deployment-tool":"cli-firebase","firebase-functions-hash":"8c60b1aea21dfb0f229b06f3f9aae9df79308bda"},"environment":"GEN_2","url":"https://us-central1-expense-tracker-prod-df355.cloudfunctions.net/api","satisfiesPzi":true},"stages":[{"name":"BUILD","message":"Build in progress","state":"IN_PROGRESS","resource":"projects/48604707495/locations/us-central1/builds/2858a6f9-4767-493c-b4e4-582f568d2f65","resourceUri":"https://console.cloud.google.com/cloud-build/builds;region=us-central1/2858a6f9-4767-493c-b4e4-582f568d2f65?project=48604707495"},{"name":"SERVICE","state":"NOT_STARTED"}],"operationType":"UPDATE_FUNCTION","buildName":"projects/48604707495/locations/us-central1/builds/2858a6f9-4767-493c-b4e4-582f568d2f65"},"done":false}
[debug] [2025-10-20T23:05:52.272Z] [update-default-us-central1-api] Retrying task index 0
[debug] [2025-10-20T23:05:52.272Z] Checked if tokens are valid: true, expires at: 1761005043668
[debug] [2025-10-20T23:05:52.273Z] Checked if tokens are valid: true, expires at: 1761005043668
[debug] [2025-10-20T23:05:52.273Z] >>> [apiv2][query] GET https://cloudfunctions.googleapis.com/v2/projects/expense-tracker-prod-df355/locations/us-central1/operations/operation-1761001545549-6419f1f9247aa-3a0769aa-37d1ab15 [none]
[debug] [2025-10-20T23:05:53.519Z] <<< [apiv2][status] GET https://cloudfunctions.googleapis.com/v2/projects/expense-tracker-prod-df355/locations/us-central1/operations/operation-1761001545549-6419f1f9247aa-3a0769aa-37d1ab15 200
[debug] [2025-10-20T23:05:53.519Z] <<< [apiv2][body] GET https://cloudfunctions.googleapis.com/v2/projects/expense-tracker-prod-df355/locations/us-central1/operations/operation-1761001545549-6419f1f9247aa-3a0769aa-37d1ab15 {"name":"projects/expense-tracker-prod-df355/locations/us-central1/operations/operation-1761001545549-6419f1f9247aa-3a0769aa-37d1ab15","metadata":{"@type":"type.googleapis.com/google.cloud.functions.v2.OperationMetadata","createTime":"2025-10-20T23:05:46.441802225Z","target":"projects/expense-tracker-prod-df355/locations/us-central1/functions/api","verb":"update","cancelRequested":false,"apiVersion":"v2","requestResource":{"@type":"type.googleapis.com/google.cloud.functions.v2.Function","name":"projects/expense-tracker-prod-df355/locations/us-central1/functions/api","buildConfig":{"runtime":"nodejs22","entryPoint":"api","source":{"storageSource":{"bucket":"gcf-v2-sources-48604707495-us-central1","object":"api/function-source.zip","generation":"1761001546390004"}},"environmentVariables":{"GOOGLE_NODE_RUN_SCRIPTS":""},"dockerRepository":"projects/expense-tracker-prod-df355/locations/us-central1/repositories/gcf-artifacts","sourceProvenance":{"resolvedStorageSource":{"bucket":"gcf-v2-sources-48604707495-us-central1","object":"api/function-source.zip","generation":"1760998918772827"}},"dockerRegistry":"ARTIFACT_REGISTRY","serviceAccount":"projects/expense-tracker-prod-df355/serviceAccounts/48604707495-compute@developer.gserviceaccount.com","automaticUpdatePolicy":{}},"serviceConfig":{"service":"projects/expense-tracker-prod-df355/locations/us-central1/services/api","timeoutSeconds":60,"environmentVariables":{"FIREBASE_CONFIG":"{\"projectId\":\"expense-tracker-prod-df355\",\"storageBucket\":\"expense-tracker-prod-df355.firebasestorage.app\"}","GCLOUD_PROJECT":"expense-tracker-prod-df355","EVENTARC_CLOUD_EVENT_SOURCE":"projects/expense-tracker-prod-df355/locations/us-central1/services/api","FUNCTION_TARGET":"api","LOG_EXECUTION_ID":"true"},"ingressSettings":"ALLOW_ALL","uri":"https://api-kplrsplvwa-uc.a.run.app","serviceAccountEmail":"48604707495-compute@developer.gserviceaccount.com","availableMemory":"256Mi","allTrafficOnLatestRevision":true,"revision":"api-00001-suh","maxInstanceRequestConcurrency":80,"availableCpu":"1"},"state":"ACTIVE","labels":{"deployment-tool":"cli-firebase","firebase-functions-hash":"8c60b1aea21dfb0f229b06f3f9aae9df79308bda"},"environment":"GEN_2","url":"https://us-central1-expense-tracker-prod-df355.cloudfunctions.net/api","satisfiesPzi":true},"stages":[{"name":"BUILD","message":"Build in progress","state":"IN_PROGRESS","resource":"projects/48604707495/locations/us-central1/builds/2858a6f9-4767-493c-b4e4-582f568d2f65","resourceUri":"https://console.cloud.google.com/cloud-build/builds;region=us-central1/2858a6f9-4767-493c-b4e4-582f568d2f65?project=48604707495"},{"name":"SERVICE","state":"NOT_STARTED"}],"operationType":"UPDATE_FUNCTION","buildName":"projects/48604707495/locations/us-central1/builds/2858a6f9-4767-493c-b4e4-582f568d2f65"},"done":false}
[debug] [2025-10-20T23:05:57.520Z] [update-default-us-central1-api] Retrying task index 0
[debug] [2025-10-20T23:05:57.521Z] Checked if tokens are valid: true, expires at: 1761005043668
[debug] [2025-10-20T23:05:57.521Z] Checked if tokens are valid: true, expires at: 1761005043668
[debug] [2025-10-20T23:05:57.521Z] >>> [apiv2][query] GET https://cloudfunctions.googleapis.com/v2/projects/expense-tracker-prod-df355/locations/us-central1/operations/operation-1761001545549-6419f1f9247aa-3a0769aa-37d1ab15 [none]
[debug] [2025-10-20T23:05:57.900Z] <<< [apiv2][status] GET https://cloudfunctions.googleapis.com/v2/projects/expense-tracker-prod-df355/locations/us-central1/operations/operation-1761001545549-6419f1f9247aa-3a0769aa-37d1ab15 200
[debug] [2025-10-20T23:05:57.901Z] <<< [apiv2][body] GET https://cloudfunctions.googleapis.com/v2/projects/expense-tracker-prod-df355/locations/us-central1/operations/operation-1761001545549-6419f1f9247aa-3a0769aa-37d1ab15 {"name":"projects/expense-tracker-prod-df355/locations/us-central1/operations/operation-1761001545549-6419f1f9247aa-3a0769aa-37d1ab15","metadata":{"@type":"type.googleapis.com/google.cloud.functions.v2.OperationMetadata","createTime":"2025-10-20T23:05:46.441802225Z","target":"projects/expense-tracker-prod-df355/locations/us-central1/functions/api","verb":"update","cancelRequested":false,"apiVersion":"v2","requestResource":{"@type":"type.googleapis.com/google.cloud.functions.v2.Function","name":"projects/expense-tracker-prod-df355/locations/us-central1/functions/api","buildConfig":{"runtime":"nodejs22","entryPoint":"api","source":{"storageSource":{"bucket":"gcf-v2-sources-48604707495-us-central1","object":"api/function-source.zip","generation":"1761001546390004"}},"environmentVariables":{"GOOGLE_NODE_RUN_SCRIPTS":""},"dockerRepository":"projects/expense-tracker-prod-df355/locations/us-central1/repositories/gcf-artifacts","sourceProvenance":{"resolvedStorageSource":{"bucket":"gcf-v2-sources-48604707495-us-central1","object":"api/function-source.zip","generation":"1760998918772827"}},"dockerRegistry":"ARTIFACT_REGISTRY","serviceAccount":"projects/expense-tracker-prod-df355/serviceAccounts/48604707495-compute@developer.gserviceaccount.com","automaticUpdatePolicy":{}},"serviceConfig":{"service":"projects/expense-tracker-prod-df355/locations/us-central1/services/api","timeoutSeconds":60,"environmentVariables":{"FIREBASE_CONFIG":"{\"projectId\":\"expense-tracker-prod-df355\",\"storageBucket\":\"expense-tracker-prod-df355.firebasestorage.app\"}","GCLOUD_PROJECT":"expense-tracker-prod-df355","EVENTARC_CLOUD_EVENT_SOURCE":"projects/expense-tracker-prod-df355/locations/us-central1/services/api","FUNCTION_TARGET":"api","LOG_EXECUTION_ID":"true"},"ingressSettings":"ALLOW_ALL","uri":"https://api-kplrsplvwa-uc.a.run.app","serviceAccountEmail":"48604707495-compute@developer.gserviceaccount.com","availableMemory":"256Mi","allTrafficOnLatestRevision":true,"revision":"api-00001-suh","maxInstanceRequestConcurrency":80,"availableCpu":"1"},"state":"ACTIVE","labels":{"deployment-tool":"cli-firebase","firebase-functions-hash":"8c60b1aea21dfb0f229b06f3f9aae9df79308bda"},"environment":"GEN_2","url":"https://us-central1-expense-tracker-prod-df355.cloudfunctions.net/api","satisfiesPzi":true},"stages":[{"name":"BUILD","message":"Build in progress","state":"IN_PROGRESS","resource":"projects/48604707495/locations/us-central1/builds/2858a6f9-4767-493c-b4e4-582f568d2f65","resourceUri":"https://console.cloud.google.com/cloud-build/builds;region=us-central1/2858a6f9-4767-493c-b4e4-582f568d2f65?project=48604707495"},{"name":"SERVICE","state":"NOT_STARTED"}],"operationType":"UPDATE_FUNCTION","buildName":"projects/48604707495/locations/us-central1/builds/2858a6f9-4767-493c-b4e4-582f568d2f65"},"done":false}
[debug] [2025-10-20T23:06:05.907Z] [update-default-us-central1-api] Retrying task index 0
[debug] [2025-10-20T23:06:05.908Z] Checked if tokens are valid: true, expires at: 1761005043668
[debug] [2025-10-20T23:06:05.908Z] Checked if tokens are valid: true, expires at: 1761005043668
[debug] [2025-10-20T23:06:05.908Z] >>> [apiv2][query] GET https://cloudfunctions.googleapis.com/v2/projects/expense-tracker-prod-df355/locations/us-central1/operations/operation-1761001545549-6419f1f9247aa-3a0769aa-37d1ab15 [none]
[debug] [2025-10-20T23:06:07.354Z] <<< [apiv2][status] GET https://cloudfunctions.googleapis.com/v2/projects/expense-tracker-prod-df355/locations/us-central1/operations/operation-1761001545549-6419f1f9247aa-3a0769aa-37d1ab15 200
[debug] [2025-10-20T23:06:07.354Z] <<< [apiv2][body] GET https://cloudfunctions.googleapis.com/v2/projects/expense-tracker-prod-df355/locations/us-central1/operations/operation-1761001545549-6419f1f9247aa-3a0769aa-37d1ab15 {"name":"projects/expense-tracker-prod-df355/locations/us-central1/operations/operation-1761001545549-6419f1f9247aa-3a0769aa-37d1ab15","metadata":{"@type":"type.googleapis.com/google.cloud.functions.v2.OperationMetadata","createTime":"2025-10-20T23:05:46.441802225Z","target":"projects/expense-tracker-prod-df355/locations/us-central1/functions/api","verb":"update","cancelRequested":false,"apiVersion":"v2","requestResource":{"@type":"type.googleapis.com/google.cloud.functions.v2.Function","name":"projects/expense-tracker-prod-df355/locations/us-central1/functions/api","buildConfig":{"runtime":"nodejs22","entryPoint":"api","source":{"storageSource":{"bucket":"gcf-v2-sources-48604707495-us-central1","object":"api/function-source.zip","generation":"1761001546390004"}},"environmentVariables":{"GOOGLE_NODE_RUN_SCRIPTS":""},"dockerRepository":"projects/expense-tracker-prod-df355/locations/us-central1/repositories/gcf-artifacts","sourceProvenance":{"resolvedStorageSource":{"bucket":"gcf-v2-sources-48604707495-us-central1","object":"api/function-source.zip","generation":"1760998918772827"}},"dockerRegistry":"ARTIFACT_REGISTRY","serviceAccount":"projects/expense-tracker-prod-df355/serviceAccounts/48604707495-compute@developer.gserviceaccount.com","automaticUpdatePolicy":{}},"serviceConfig":{"service":"projects/expense-tracker-prod-df355/locations/us-central1/services/api","timeoutSeconds":60,"environmentVariables":{"FIREBASE_CONFIG":"{\"projectId\":\"expense-tracker-prod-df355\",\"storageBucket\":\"expense-tracker-prod-df355.firebasestorage.app\"}","GCLOUD_PROJECT":"expense-tracker-prod-df355","EVENTARC_CLOUD_EVENT_SOURCE":"projects/expense-tracker-prod-df355/locations/us-central1/services/api","FUNCTION_TARGET":"api","LOG_EXECUTION_ID":"true"},"ingressSettings":"ALLOW_ALL","uri":"https://api-kplrsplvwa-uc.a.run.app","serviceAccountEmail":"48604707495-compute@developer.gserviceaccount.com","availableMemory":"256Mi","allTrafficOnLatestRevision":true,"revision":"api-00001-suh","maxInstanceRequestConcurrency":80,"availableCpu":"1"},"state":"ACTIVE","labels":{"deployment-tool":"cli-firebase","firebase-functions-hash":"8c60b1aea21dfb0f229b06f3f9aae9df79308bda"},"environment":"GEN_2","url":"https://us-central1-expense-tracker-prod-df355.cloudfunctions.net/api","satisfiesPzi":true},"stages":[{"name":"BUILD","message":"Build in progress","state":"IN_PROGRESS","resource":"projects/48604707495/locations/us-central1/builds/2858a6f9-4767-493c-b4e4-582f568d2f65","resourceUri":"https://console.cloud.google.com/cloud-build/builds;region=us-central1/2858a6f9-4767-493c-b4e4-582f568d2f65?project=48604707495"},{"name":"SERVICE","state":"NOT_STARTED"}],"operationType":"UPDATE_FUNCTION","buildName":"projects/48604707495/locations/us-central1/builds/2858a6f9-4767-493c-b4e4-582f568d2f65"},"done":false}
[debug] [2025-10-20T23:06:17.360Z] [update-default-us-central1-api] Retrying task index 0
[debug] [2025-10-20T23:06:17.360Z] Checked if tokens are valid: true, expires at: 1761005043668
[debug] [2025-10-20T23:06:17.360Z] Checked if tokens are valid: true, expires at: 1761005043668
[debug] [2025-10-20T23:06:17.360Z] >>> [apiv2][query] GET https://cloudfunctions.googleapis.com/v2/projects/expense-tracker-prod-df355/locations/us-central1/operations/operation-1761001545549-6419f1f9247aa-3a0769aa-37d1ab15 [none]
[debug] [2025-10-20T23:06:17.783Z] <<< [apiv2][status] GET https://cloudfunctions.googleapis.com/v2/projects/expense-tracker-prod-df355/locations/us-central1/operations/operation-1761001545549-6419f1f9247aa-3a0769aa-37d1ab15 200
[debug] [2025-10-20T23:06:17.783Z] <<< [apiv2][body] GET https://cloudfunctions.googleapis.com/v2/projects/expense-tracker-prod-df355/locations/us-central1/operations/operation-1761001545549-6419f1f9247aa-3a0769aa-37d1ab15 {"name":"projects/expense-tracker-prod-df355/locations/us-central1/operations/operation-1761001545549-6419f1f9247aa-3a0769aa-37d1ab15","metadata":{"@type":"type.googleapis.com/google.cloud.functions.v2.OperationMetadata","createTime":"2025-10-20T23:05:46.441802225Z","target":"projects/expense-tracker-prod-df355/locations/us-central1/functions/api","verb":"update","cancelRequested":false,"apiVersion":"v2","requestResource":{"@type":"type.googleapis.com/google.cloud.functions.v2.Function","name":"projects/expense-tracker-prod-df355/locations/us-central1/functions/api","buildConfig":{"runtime":"nodejs22","entryPoint":"api","source":{"storageSource":{"bucket":"gcf-v2-sources-48604707495-us-central1","object":"api/function-source.zip","generation":"1761001546390004"}},"environmentVariables":{"GOOGLE_NODE_RUN_SCRIPTS":""},"dockerRepository":"projects/expense-tracker-prod-df355/locations/us-central1/repositories/gcf-artifacts","sourceProvenance":{"resolvedStorageSource":{"bucket":"gcf-v2-sources-48604707495-us-central1","object":"api/function-source.zip","generation":"1760998918772827"}},"dockerRegistry":"ARTIFACT_REGISTRY","serviceAccount":"projects/expense-tracker-prod-df355/serviceAccounts/48604707495-compute@developer.gserviceaccount.com","automaticUpdatePolicy":{}},"serviceConfig":{"service":"projects/expense-tracker-prod-df355/locations/us-central1/services/api","timeoutSeconds":60,"environmentVariables":{"FIREBASE_CONFIG":"{\"projectId\":\"expense-tracker-prod-df355\",\"storageBucket\":\"expense-tracker-prod-df355.firebasestorage.app\"}","GCLOUD_PROJECT":"expense-tracker-prod-df355","EVENTARC_CLOUD_EVENT_SOURCE":"projects/expense-tracker-prod-df355/locations/us-central1/services/api","FUNCTION_TARGET":"api","LOG_EXECUTION_ID":"true"},"ingressSettings":"ALLOW_ALL","uri":"https://api-kplrsplvwa-uc.a.run.app","serviceAccountEmail":"48604707495-compute@developer.gserviceaccount.com","availableMemory":"256Mi","allTrafficOnLatestRevision":true,"revision":"api-00001-suh","maxInstanceRequestConcurrency":80,"availableCpu":"1"},"state":"ACTIVE","labels":{"deployment-tool":"cli-firebase","firebase-functions-hash":"8c60b1aea21dfb0f229b06f3f9aae9df79308bda"},"environment":"GEN_2","url":"https://us-central1-expense-tracker-prod-df355.cloudfunctions.net/api","satisfiesPzi":true},"stages":[{"name":"BUILD","message":"Build in progress","state":"IN_PROGRESS","resource":"projects/48604707495/locations/us-central1/builds/2858a6f9-4767-493c-b4e4-582f568d2f65","resourceUri":"https://console.cloud.google.com/cloud-build/builds;region=us-central1/2858a6f9-4767-493c-b4e4-582f568d2f65?project=48604707495"},{"name":"SERVICE","state":"NOT_STARTED"}],"operationType":"UPDATE_FUNCTION","buildName":"projects/48604707495/locations/us-central1/builds/2858a6f9-4767-493c-b4e4-582f568d2f65"},"done":false}
